<?xml version="1.0" encoding="UTF-8"?>
<testsuite xmlns:xsi="http://www.w3.org/2001/XMLSchema-instance" xsi:noNamespaceSchemaLocation="https://maven.apache.org/surefire/maven-surefire-plugin/xsd/surefire-test-report-3.0.xsd" version="3.0" name="net.kender.project.AppTest" time="0.02" tests="1" errors="0" skipped="0" failures="0">
  <properties>
    <property name="java.specification.version" value="21"/>
    <property name="sun.cpu.isalist" value="amd64"/>
    <property name="sun.jnu.encoding" value="Cp1252"/>
    <property name="java.class.path" value="C:\Users\krist\Documents\JP\project\target\test-classes;C:\Users\krist\Documents\JP\project\target\classes;C:\Users\krist\.m2\repository\com\fasterxml\jackson\core\jackson-annotations\2.16.0\jackson-annotations-2.16.0.jar;C:\Users\krist\.m2\repository\io\github\k3nder\kutils\0.1.0\kutils-0.1.0.jar;C:\Users\krist\.m2\repository\io\github\k3nder\runner\1.0.0\runner-1.0.0.jar;C:\Users\krist\.m2\repository\io\github\k3nder\log5k\1.2.0\log5k-1.2.0.jar;C:\Users\krist\.m2\repository\com\fasterxml\jackson\core\jackson-core\2.16.0\jackson-core-2.16.0.jar;C:\Users\krist\.m2\repository\com\fasterxml\jackson\core\jackson-databind\2.16.0\jackson-databind-2.16.0.jar;C:\Users\krist\.m2\repository\junit\junit\3.8.1\junit-3.8.1.jar;"/>
    <property name="java.vm.vendor" value="Eclipse Adoptium"/>
    <property name="sun.arch.data.model" value="64"/>
    <property name="user.variant" value=""/>
    <property name="java.vendor.url" value="https://adoptium.net/"/>
    <property name="user.timezone" value="Europe/Madrid"/>
    <property name="os.name" value="Windows 11"/>
    <property name="java.vm.specification.version" value="21"/>
    <property name="sun.java.launcher" value="SUN_STANDARD"/>
    <property name="user.country" value="ES"/>
    <property name="sun.boot.library.path" value="C:\Program Files\Java\jdk-21-javafx\bin"/>
    <property name="sun.java.command" value="C:\Users\krist\AppData\Local\Temp\surefire14123105882160281064\surefirebooter-20231223161556241_3.jar C:\Users\krist\AppData\Local\Temp\surefire14123105882160281064 2023-12-23T16-15-56_136-jvmRun1 surefire-20231223161556241_1tmp surefire_0-20231223161556241_2tmp"/>
    <property name="jdk.debug" value="release"/>
    <property name="surefire.test.class.path" value="C:\Users\krist\Documents\JP\project\target\test-classes;C:\Users\krist\Documents\JP\project\target\classes;C:\Users\krist\.m2\repository\com\fasterxml\jackson\core\jackson-annotations\2.16.0\jackson-annotations-2.16.0.jar;C:\Users\krist\.m2\repository\io\github\k3nder\kutils\0.1.0\kutils-0.1.0.jar;C:\Users\krist\.m2\repository\io\github\k3nder\runner\1.0.0\runner-1.0.0.jar;C:\Users\krist\.m2\repository\io\github\k3nder\log5k\1.2.0\log5k-1.2.0.jar;C:\Users\krist\.m2\repository\com\fasterxml\jackson\core\jackson-core\2.16.0\jackson-core-2.16.0.jar;C:\Users\krist\.m2\repository\com\fasterxml\jackson\core\jackson-databind\2.16.0\jackson-databind-2.16.0.jar;C:\Users\krist\.m2\repository\junit\junit\3.8.1\junit-3.8.1.jar;"/>
    <property name="sun.cpu.endian" value="little"/>
    <property name="user.home" value="C:\Users\krist"/>
    <property name="user.language" value="es"/>
    <property name="java.specification.vendor" value="Oracle Corporation"/>
    <property name="java.version.date" value="2023-10-17"/>
    <property name="java.home" value="C:\Program Files\Java\jdk-21-javafx"/>
    <property name="file.separator" value="\"/>
    <property name="basedir" value="C:\Users\krist\Documents\JP\project"/>
    <property name="style.color" value="always"/>
    <property name="java.vm.compressedOopsMode" value="Zero based"/>
    <property name="line.separator" value="&#10;"/>
    <property name="java.vm.specification.vendor" value="Oracle Corporation"/>
    <property name="java.specification.name" value="Java Platform API Specification"/>
    <property name="surefire.real.class.path" value="C:\Users\krist\AppData\Local\Temp\surefire14123105882160281064\surefirebooter-20231223161556241_3.jar"/>
    <property name="user.script" value=""/>
    <property name="sun.management.compiler" value="HotSpot 64-Bit Tiered Compilers"/>
    <property name="java.runtime.version" value="21.0.1+12-LTS"/>
    <property name="user.name" value="krist"/>
    <property name="stdout.encoding" value="Cp1252"/>
    <property name="path.separator" value=";"/>
    <property name="os.version" value="10.0"/>
    <property name="java.runtime.name" value="OpenJDK Runtime Environment"/>
    <property name="file.encoding" value="UTF-8"/>
    <property name="java.vm.name" value="OpenJDK 64-Bit Server VM"/>
    <property name="java.vendor.version" value="Temurin-21.0.1+12"/>
    <property name="localRepository" value="C:\Users\krist\.m2\repository"/>
    <property name="java.vendor.url.bug" value="https://github.com/adoptium/adoptium-support/issues"/>
    <property name="java.io.tmpdir" value="C:\Users\krist\AppData\Local\Temp\"/>
    <property name="java.version" value="21.0.1"/>
    <property name="user.dir" value="C:\Users\krist\Documents\JP\project"/>
    <property name="os.arch" value="amd64"/>
    <property name="java.vm.specification.name" value="Java Virtual Machine Specification"/>
    <property name="sun.os.patch.level" value=""/>
    <property name="native.encoding" value="Cp1252"/>
    <property name="java.library.path" value="C:\Program Files\Java\jdk-21-javafx\bin;C:\WINDOWS\Sun\Java\bin;C:\WINDOWS\system32;C:\WINDOWS;C:/Program Files/Java/jdk-21-javafx/bin/server;C:/Program Files/Java/jdk-21-javafx/bin;C:\Program Files\Eclipse Adoptium\jdk-21.0.1.12-hotspot\bin;C:\Program Files\Java\jdk-21-javafx\bin;C:\Program Files\Eclipse Adoptium\jdk-21.0.1.12-hotspot\bin;C:\Program Files\Java\jdk-21-javafx\bin;C:\Program Files\Eclipse Adoptium\jdk-21.0.1.12-hotspot\bin;C:\Program Files\Java\jdk-21-javafx\bin;C:\WINDOWS\System32;C:\Program Files\Git\cmd;C:\Program Files\Maven\apache-maven-3.9.3\bin;C:\Users\krist\Documents\javafx-sdk-20.0.2\bin;C:\Program Files\dotnet\;C:\Program Files\Git LFS;C:\gradle\gradle-8.3\bin;C:\Program Files (x86)\NVIDIA Corporation\PhysX\Common;C:\MinGW\bin;C:\gmp\gmp-5.0.0;C:\Program Files\LauncherTrinity;C:\Program Files (x86)\Gpg4win\..\GnuPG\bin;C:\msys64\ucrt64\bin;C:\Users\krist\AppData\Roaming\python_Files\clean;C:\Program Files\PowerShell\7\;C:\Program Files\NVIDIA Corporation\NVIDIA NvDLISR;C:\Program Files\nodejs\;C:\Program Files\Git\cmd;C:\Program Files\Maven\apache-maven-3.9.3\bin;C:\Users\krist\Documents\javafx-sdk-20.0.2\bin;C:\Program Files\dotnet\;C:\Program Files\Git LFS;C:\gradle\gradle-8.3\bin;C:\Program Files (x86)\NVIDIA Corporation\PhysX\Common;C:\MinGW\bin;C:\gmp\gmp-5.0.0;C:\Program Files\LauncherTrinity;C:\Program Files (x86)\Gpg4win\..\GnuPG\bin;C:\msys64\ucrt64\bin;C:\Users\krist\AppData\Roaming\python_Files\clean;C:\Program Files\PowerShell\7\;C:\Program Files\NVIDIA Corporation\NVIDIA NvDLISR;C:\Program Files\nodejs\;C:\Program Files\Git\cmd;C:\Program Files\Maven\apache-maven-3.9.3\bin;C:\Users\krist\Documents\javafx-sdk-20.0.2\bin;C:\Program Files\dotnet\;C:\Program Files\Git LFS;C:\gradle\gradle-8.3\bin;C:\Program Files (x86)\NVIDIA Corporation\PhysX\Common;C:\MinGW\bin;C:\gmp\gmp-5.0.0;C:\Program Files\LauncherTrinity;C:\Program Files (x86)\Gpg4win\..\GnuPG\bin;C:\msys64\ucrt64\bin;C:\Users\krist\AppData\Roaming\python_Files\clean;C:\Program Files\PowerShell\7\;C:\Program Files\NVIDIA Corporation\NVIDIA NvDLISR;C:\Program Files\nodejs\;C:\Users\krist\.console-ninja\.bin;C:\Users\krist\AppData\Local\Programs\Python\Python311\Scripts\;C:\Users\krist\AppData\Local\Programs\Python\Python311\;C:\Users\krist\AppData\Local\Microsoft\WindowsApps;D:\Program Files\JetBrains\IntelliJ IDEA Community Edition 2023.1.2\bin;;C:\Program Files\Azure Data Studio\bin;C:\Users\krist\.dotnet\tools;C:\Users\krist\AppData\Local\Programs\Microsoft VS Code\bin;C:\Users\krist\AppData\Local\GitHubDesktop\bin;C:\Users\krist\AppData\Local\Programs\oh-my-posh\bin;C:\Users\krist\.dotnet\tools;C:\Users\krist\AppData\Roaming\npm;C:\WINDOWS\System32;;."/>
    <property name="java.vm.info" value="mixed mode"/>
    <property name="stderr.encoding" value="Cp1252"/>
    <property name="java.vendor" value="Eclipse Adoptium"/>
    <property name="java.vm.version" value="21.0.1+12-LTS"/>
    <property name="sun.io.unicode.encoding" value="UnicodeLittle"/>
    <property name="java.class.version" value="65.0"/>
  </properties>
  <testcase name="testApp" classname="net.kender.project.AppTest" time="0.003"/>
</testsuite>